Arguments: 
  /Users/jonassota/.nvm/versions/node/v16.10.0/bin/node /Users/jonassota/.nvm/versions/node/v16.10.0/bin/yarn test --match-test testCallEncoding

PATH: 
  /Users/jonassota/.nvm/versions/node/v16.10.0/bin:/opt/homebrew/bin:/opt/homebrew/sbin:/usr/local/bin:/usr/bin:/bin:/usr/sbin:/sbin:/Users/jonassota/.foundry/bin:/Users/jonassota/.foundry/bin

Yarn version: 
  1.22.19

Node version: 
  16.10.0

Platform: 
  darwin arm64

Trace: 
  SyntaxError: /Users/jonassota/Documents/dev/playground/package.json: Unexpected end of JSON input
      at JSON.parse (<anonymous>)
      at /Users/jonassota/.nvm/versions/node/v16.10.0/lib/node_modules/yarn/lib/cli.js:1629:59
      at Generator.next (<anonymous>)
      at step (/Users/jonassota/.nvm/versions/node/v16.10.0/lib/node_modules/yarn/lib/cli.js:310:30)
      at /Users/jonassota/.nvm/versions/node/v16.10.0/lib/node_modules/yarn/lib/cli.js:321:13

npm manifest: 
  

yarn manifest: 
  No manifest

Lockfile: 
  No lockfile
